{
  "RSpec": {
    "coverage": {
      "/Users/pamorgan/Documents/ga_wdi/projects/live_from_ny/app/models/user.rb": [
        1,
        null,
        null,
        1,
        null,
        null,
        null,
        null,
        null,
        1,
        null,
        1,
        null,
        1,
        1,
        null,
        1,
        1,
        null
      ],
      "/Users/pamorgan/Documents/ga_wdi/projects/live_from_ny/app/controllers/application_controller.rb": [
        1,
        1,
        null
      ],
      "/Users/pamorgan/Documents/ga_wdi/projects/live_from_ny/app/helpers/application_helper.rb": [
        1,
        null
      ],
      "/Users/pamorgan/Documents/ga_wdi/projects/live_from_ny/app/controllers/articles_controller.rb": [
        1,
        null,
        null,
        1,
        2,
        2,
        2,
        2,
        null,
        2,
        null,
        2,
        null,
        null,
        null,
        null,
        null,
        1,
        2,
        null,
        null,
        null,
        null,
        null,
        2,
        null,
        2,
        null,
        null,
        1,
        0,
        0,
        0,
        null,
        null,
        null,
        null,
        null
      ],
      "/Users/pamorgan/Documents/ga_wdi/projects/live_from_ny/app/models/article.rb": [
        1,
        1,
        null,
        1,
        1,
        null
      ],
      "/Users/pamorgan/Documents/ga_wdi/projects/live_from_ny/app/controllers/home_controller.rb": [
        1,
        null,
        1,
        null,
        null,
        1,
        null,
        null
      ],
      "/Users/pamorgan/Documents/ga_wdi/projects/live_from_ny/app/controllers/users_controller.rb": [
        1,
        null,
        1,
        3,
        null,
        null
      ],
      "/Users/pamorgan/Documents/ga_wdi/projects/live_from_ny/app/models/like.rb": [
        1,
        1,
        null,
        1,
        1,
        null
      ]
    },
    "timestamp": 1389887814
  }
}
